[debug] [2022-04-29T04:03:48.620Z] ----------------------------------------------------------------------
[debug] [2022-04-29T04:03:48.626Z] Command:       C:\Program Files\nodejs\node.exe C:\Users\Shimul Majumdar\AppData\Roaming\npm\node_modules\firebase-tools\lib\bin\firebase.js init
[debug] [2022-04-29T04:03:48.628Z] CLI Version:   10.6.0
[debug] [2022-04-29T04:03:48.628Z] Platform:      win32
[debug] [2022-04-29T04:03:48.628Z] Node Version:  v16.13.1
[debug] [2022-04-29T04:03:48.641Z] Time:          Fri Apr 29 2022 10:03:48 GMT+0600 (Bangladesh Standard Time)
[debug] [2022-04-29T04:03:48.641Z] ----------------------------------------------------------------------
[debug] 
[debug] [2022-04-29T04:03:48.651Z] >>> [apiv2][query] GET https://firebase-public.firebaseio.com/cli.json [none]
[debug] [2022-04-29T04:03:48.724Z] > command requires scopes: ["email","openid","https://www.googleapis.com/auth/cloudplatformprojects.readonly","https://www.googleapis.com/auth/firebase","https://www.googleapis.com/auth/cloud-platform"]
[debug] [2022-04-29T04:03:48.724Z] > authorizing via signed-in user (shimulmajumdarshuvo@gmail.com)
[info] 
     ######## #### ########  ######## ########     ###     ######  ########
     ##        ##  ##     ## ##       ##     ##  ##   ##  ##       ##
     ######    ##  ########  ######   ########  #########  ######  ######
     ##        ##  ##    ##  ##       ##     ## ##     ##       ## ##
     ##       #### ##     ## ######## ########  ##     ##  ######  ########

You're about to initialize a Firebase project in this directory:

  C:\Projects\computer-services-assignment-11

Before we get started, keep in mind:

  * You are currently outside your home directory

[debug] [2022-04-29T04:03:53.286Z] <<< [apiv2][status] GET https://firebase-public.firebaseio.com/cli.json 200
[debug] [2022-04-29T04:03:53.287Z] <<< [apiv2][body] GET https://firebase-public.firebaseio.com/cli.json {"cloudBuildErrorAfter":1594252800000,"cloudBuildWarnAfter":1590019200000,"defaultNode10After":1594252800000,"minVersion":"3.0.5","node8DeploysDisabledAfter":1613390400000,"node8RuntimeDisabledAfter":1615809600000,"node8WarnAfter":1600128000000}
